<?xml version="1.0" encoding="UTF-8"?>
<testsuite xmlns:xsi="http://www.w3.org/2001/XMLSchema-instance" xsi:noNamespaceSchemaLocation="https://maven.apache.org/surefire/maven-surefire-plugin/xsd/surefire-test-report-3.0.xsd" version="3.0" name="kivipaperisakset.PelaajaTest" time="1.089" tests="3" errors="0" skipped="0" failures="0">
  <properties>
[...]
</properties>
  <testcase name="pelaajaLuokanKonstruktoriToimii" classname="kivipaperisakset.PelaajaTest" time="0.955"/>
  <testcase name="pelaajanValintaPalauttaaJokaisenValinnan" classname="kivipaperisakset.PelaajaTest" time="0.085">
    <system-out><![CDATA[Pelaaja 2 valinta: kivi
Pelaaja 2 valinta: paperi
Pelaaja 2 valinta: sakset
]]></system-out>
  </testcase>
  <testcase name="toStringPalauttaaOikeanMerkkijonon" classname="kivipaperisakset.PelaajaTest" time="0.013"/>
</testsuite>